<?xml version="1.0" encoding="UTF-8"?>
<testsuite name="ro.ubb.core.repository.SongRepositoryTest" tests="4" skipped="0" failures="0" errors="0" timestamp="2021-05-19T14:11:07" hostname="YORKSHIRE" time="0.089">
  <properties/>
  <testcase name="delete" classname="ro.ubb.core.repository.SongRepositoryTest" time="0.033"/>
  <testcase name="findAll" classname="ro.ubb.core.repository.SongRepositoryTest" time="0.011"/>
  <testcase name="update" classname="ro.ubb.core.repository.SongRepositoryTest" time="0.02"/>
  <testcase name="add" classname="ro.ubb.core.repository.SongRepositoryTest" time="0.021"/>
  <system-out><![CDATA[2021-05-19T17:11:07,663 WARN  [Test worker]: AbstractTableMetaData                - Potential problem found: The configured data type factory 'class org.dbunit.dataset.datatype.DefaultDataTypeFactory' might cause problems with the current database 'H2' (e.g. some datatypes may not be supported properly). In rare cases you might see this message because the list of supported database products is incomplete (list=[derby]). If so please request a java-class update via the forums.If you are using your own IDataTypeFactory extending DefaultDataTypeFactory, ensure that you override getValidDbProducts() to specify the supported database products. 
2021-05-19T17:11:07,663 WARN  [Test worker]: AbstractTableMetaData                - Potential problem found: The configured data type factory 'class org.dbunit.dataset.datatype.DefaultDataTypeFactory' might cause problems with the current database 'H2' (e.g. some datatypes may not be supported properly). In rare cases you might see this message because the list of supported database products is incomplete (list=[derby]). If so please request a java-class update via the forums.If you are using your own IDataTypeFactory extending DefaultDataTypeFactory, ensure that you override getValidDbProducts() to specify the supported database products. 
Hibernate: select song0_.songId as songId1_2_0_, song0_.artistId as artistId5_2_0_, song0_.key as key2_2_0_, song0_.length as length3_2_0_, song0_.title as title4_2_0_ from song song0_ where song0_.songId=?
Hibernate: select reviews0_.songId as songId4_1_0_, reviews0_.reviewId as reviewId1_1_0_, reviews0_.reviewId as reviewId1_1_1_, reviews0_.review_text as review_t2_1_1_, reviews0_.songId as songId4_1_1_, reviews0_.stars as stars3_1_1_, reviews0_.userId as userId5_1_1_ from review reviews0_ where reviews0_.songId=?
Hibernate: delete from song where songId=?
Hibernate: select song0_.songId as songId1_2_, song0_.artistId as artistId5_2_, song0_.key as key2_2_, song0_.length as length3_2_, song0_.title as title4_2_ from song song0_
2021-05-19T17:11:07,694 WARN  [Test worker]: AbstractTableMetaData                - Potential problem found: The configured data type factory 'class org.dbunit.dataset.datatype.DefaultDataTypeFactory' might cause problems with the current database 'H2' (e.g. some datatypes may not be supported properly). In rare cases you might see this message because the list of supported database products is incomplete (list=[derby]). If so please request a java-class update via the forums.If you are using your own IDataTypeFactory extending DefaultDataTypeFactory, ensure that you override getValidDbProducts() to specify the supported database products. 
2021-05-19T17:11:07,694 WARN  [Test worker]: AbstractTableMetaData                - Potential problem found: The configured data type factory 'class org.dbunit.dataset.datatype.DefaultDataTypeFactory' might cause problems with the current database 'H2' (e.g. some datatypes may not be supported properly). In rare cases you might see this message because the list of supported database products is incomplete (list=[derby]). If so please request a java-class update via the forums.If you are using your own IDataTypeFactory extending DefaultDataTypeFactory, ensure that you override getValidDbProducts() to specify the supported database products. 
Hibernate: select song0_.songId as songId1_2_, song0_.artistId as artistId5_2_, song0_.key as key2_2_, song0_.length as length3_2_, song0_.title as title4_2_ from song song0_
2021-05-19T17:11:07,710 WARN  [Test worker]: AbstractTableMetaData                - Potential problem found: The configured data type factory 'class org.dbunit.dataset.datatype.DefaultDataTypeFactory' might cause problems with the current database 'H2' (e.g. some datatypes may not be supported properly). In rare cases you might see this message because the list of supported database products is incomplete (list=[derby]). If so please request a java-class update via the forums.If you are using your own IDataTypeFactory extending DefaultDataTypeFactory, ensure that you override getValidDbProducts() to specify the supported database products. 
2021-05-19T17:11:07,710 WARN  [Test worker]: AbstractTableMetaData                - Potential problem found: The configured data type factory 'class org.dbunit.dataset.datatype.DefaultDataTypeFactory' might cause problems with the current database 'H2' (e.g. some datatypes may not be supported properly). In rare cases you might see this message because the list of supported database products is incomplete (list=[derby]). If so please request a java-class update via the forums.If you are using your own IDataTypeFactory extending DefaultDataTypeFactory, ensure that you override getValidDbProducts() to specify the supported database products. 
Hibernate: select song0_.songId as songId1_2_0_, song0_.artistId as artistId5_2_0_, song0_.key as key2_2_0_, song0_.length as length3_2_0_, song0_.title as title4_2_0_ from song song0_ where song0_.songId=?
Hibernate: update song set artistId=?, key=?, length=?, title=? where songId=?
Hibernate: select song0_.songId as songId1_2_, song0_.artistId as artistId5_2_, song0_.key as key2_2_, song0_.length as length3_2_, song0_.title as title4_2_ from song song0_
2021-05-19T17:11:07,725 WARN  [Test worker]: AbstractTableMetaData                - Potential problem found: The configured data type factory 'class org.dbunit.dataset.datatype.DefaultDataTypeFactory' might cause problems with the current database 'H2' (e.g. some datatypes may not be supported properly). In rare cases you might see this message because the list of supported database products is incomplete (list=[derby]). If so please request a java-class update via the forums.If you are using your own IDataTypeFactory extending DefaultDataTypeFactory, ensure that you override getValidDbProducts() to specify the supported database products. 
2021-05-19T17:11:07,725 WARN  [Test worker]: AbstractTableMetaData                - Potential problem found: The configured data type factory 'class org.dbunit.dataset.datatype.DefaultDataTypeFactory' might cause problems with the current database 'H2' (e.g. some datatypes may not be supported properly). In rare cases you might see this message because the list of supported database products is incomplete (list=[derby]). If so please request a java-class update via the forums.If you are using your own IDataTypeFactory extending DefaultDataTypeFactory, ensure that you override getValidDbProducts() to specify the supported database products. 
Hibernate: select song0_.songId as songId1_2_, song0_.artistId as artistId5_2_, song0_.key as key2_2_, song0_.length as length3_2_, song0_.title as title4_2_ from song song0_
Hibernate: select song0_.songId as songId1_2_1_, song0_.artistId as artistId5_2_1_, song0_.key as key2_2_1_, song0_.length as length3_2_1_, song0_.title as title4_2_1_, reviews1_.songId as songId4_1_3_, reviews1_.reviewId as reviewId1_1_3_, reviews1_.reviewId as reviewId1_1_0_, reviews1_.review_text as review_t2_1_0_, reviews1_.songId as songId4_1_0_, reviews1_.stars as stars3_1_0_, reviews1_.userId as userId5_1_0_ from song song0_ left outer join review reviews1_ on song0_.songId=reviews1_.songId where song0_.songId=?
Hibernate: insert into song (songId, artistId, key, length, title) values (null, ?, ?, ?, ?)
Hibernate: select song0_.songId as songId1_2_, song0_.artistId as artistId5_2_, song0_.key as key2_2_, song0_.length as length3_2_, song0_.title as title4_2_ from song song0_
]]></system-out>
  <system-err><![CDATA[]]></system-err>
</testsuite>
