<?xml version="1.0" encoding="UTF-8"?>
<testsuite name="ro.ubb.core.repository.ArtistRepositoryTest" tests="4" skipped="0" failures="0" errors="0" timestamp="2021-05-19T14:11:07" hostname="YORKSHIRE" time="0.254">
  <properties/>
  <testcase name="delete" classname="ro.ubb.core.repository.ArtistRepositoryTest" time="0.175"/>
  <testcase name="findAll" classname="ro.ubb.core.repository.ArtistRepositoryTest" time="0.009"/>
  <testcase name="update" classname="ro.ubb.core.repository.ArtistRepositoryTest" time="0.026"/>
  <testcase name="add" classname="ro.ubb.core.repository.ArtistRepositoryTest" time="0.038"/>
  <system-out><![CDATA[Hibernate: create table artist (artistId integer generated by default as identity, description varchar(255), name varchar(255), primary key (artistId))
Hibernate: create table review (reviewId integer generated by default as identity, review_text varchar(255), stars integer, songId integer not null, userId integer not null, primary key (reviewId))
Hibernate: create table song (songId integer generated by default as identity, key char(255), length integer, title varchar(255), artistId integer not null, primary key (songId))
Hibernate: create table userTable (userId integer generated by default as identity, name varchar(255), primary key (userId))
Hibernate: alter table review add constraint FKoy44crmd32s7d2elpwpq5r871 foreign key (songId) references song
Hibernate: alter table review add constraint FKnkaq4svf1gu1g42tn2pey85ll foreign key (userId) references userTable
Hibernate: alter table song add constraint FK2k3n32kvrwogpi82qn01085vl foreign key (artistId) references artist
2021-05-19T17:11:07,462 WARN  [Test worker]: AbstractTableMetaData                - Potential problem found: The configured data type factory 'class org.dbunit.dataset.datatype.DefaultDataTypeFactory' might cause problems with the current database 'H2' (e.g. some datatypes may not be supported properly). In rare cases you might see this message because the list of supported database products is incomplete (list=[derby]). If so please request a java-class update via the forums.If you are using your own IDataTypeFactory extending DefaultDataTypeFactory, ensure that you override getValidDbProducts() to specify the supported database products. 
Hibernate: select artist0_.artistId as artistId1_0_0_, artist0_.description as descript2_0_0_, artist0_.name as name3_0_0_ from artist artist0_ where artist0_.artistId=?
Hibernate: select songs0_.artistId as artistId5_2_0_, songs0_.songId as songId1_2_0_, songs0_.songId as songId1_2_1_, songs0_.artistId as artistId5_2_1_, songs0_.key as key2_2_1_, songs0_.length as length3_2_1_, songs0_.title as title4_2_1_ from song songs0_ where songs0_.artistId=?
Hibernate: delete from artist where artistId=?
Hibernate: select artist0_.artistId as artistId1_0_, artist0_.description as descript2_0_, artist0_.name as name3_0_ from artist artist0_
2021-05-19T17:11:07,578 WARN  [Test worker]: AbstractTableMetaData                - Potential problem found: The configured data type factory 'class org.dbunit.dataset.datatype.DefaultDataTypeFactory' might cause problems with the current database 'H2' (e.g. some datatypes may not be supported properly). In rare cases you might see this message because the list of supported database products is incomplete (list=[derby]). If so please request a java-class update via the forums.If you are using your own IDataTypeFactory extending DefaultDataTypeFactory, ensure that you override getValidDbProducts() to specify the supported database products. 
Hibernate: select artist0_.artistId as artistId1_0_, artist0_.description as descript2_0_, artist0_.name as name3_0_ from artist artist0_
2021-05-19T17:11:07,594 WARN  [Test worker]: AbstractTableMetaData                - Potential problem found: The configured data type factory 'class org.dbunit.dataset.datatype.DefaultDataTypeFactory' might cause problems with the current database 'H2' (e.g. some datatypes may not be supported properly). In rare cases you might see this message because the list of supported database products is incomplete (list=[derby]). If so please request a java-class update via the forums.If you are using your own IDataTypeFactory extending DefaultDataTypeFactory, ensure that you override getValidDbProducts() to specify the supported database products. 
Hibernate: select artist0_.artistId as artistId1_0_0_, artist0_.description as descript2_0_0_, artist0_.name as name3_0_0_ from artist artist0_ where artist0_.artistId=?
Hibernate: update artist set description=?, name=? where artistId=?
Hibernate: select artist0_.artistId as artistId1_0_, artist0_.description as descript2_0_, artist0_.name as name3_0_ from artist artist0_
2021-05-19T17:11:07,625 WARN  [Test worker]: AbstractTableMetaData                - Potential problem found: The configured data type factory 'class org.dbunit.dataset.datatype.DefaultDataTypeFactory' might cause problems with the current database 'H2' (e.g. some datatypes may not be supported properly). In rare cases you might see this message because the list of supported database products is incomplete (list=[derby]). If so please request a java-class update via the forums.If you are using your own IDataTypeFactory extending DefaultDataTypeFactory, ensure that you override getValidDbProducts() to specify the supported database products. 
Hibernate: select artist0_.artistId as artistId1_0_1_, artist0_.description as descript2_0_1_, artist0_.name as name3_0_1_, songs1_.artistId as artistId5_2_3_, songs1_.songId as songId1_2_3_, songs1_.songId as songId1_2_0_, songs1_.artistId as artistId5_2_0_, songs1_.key as key2_2_0_, songs1_.length as length3_2_0_, songs1_.title as title4_2_0_ from artist artist0_ left outer join song songs1_ on artist0_.artistId=songs1_.artistId where artist0_.artistId=?
Hibernate: insert into artist (artistId, description, name) values (null, ?, ?)
Hibernate: select artist0_.artistId as artistId1_0_, artist0_.description as descript2_0_, artist0_.name as name3_0_ from artist artist0_
]]></system-out>
  <system-err><![CDATA[]]></system-err>
</testsuite>
